2025-12-29T20:40:15.789+05:30  INFO 9720 --- [WebSecurity] [main] c.e.websecurity.WebSecurityApplication   : Starting WebSecurityApplication using Java 21.0.9 with PID 9720 (C:\Users\Naveenkumar S\OneDrive\Desktop\New folder\Spring-Security\target\classes started by Naveenkumar S in C:\Users\Naveenkumar S\OneDrive\Desktop\New folder\Spring-Security)
2025-12-29T20:40:15.804+05:30  INFO 9720 --- [WebSecurity] [main] c.e.websecurity.WebSecurityApplication   : No active profile set, falling back to 1 default profile: "default"
2025-12-29T20:40:17.781+05:30  INFO 9720 --- [WebSecurity] [main] o.s.b.w.embedded.tomcat.TomcatWebServer  : Tomcat initialized with port 8080 (http)
2025-12-29T20:40:17.814+05:30  INFO 9720 --- [WebSecurity] [main] o.apache.catalina.core.StandardService   : Starting service [Tomcat]
2025-12-29T20:40:17.815+05:30  INFO 9720 --- [WebSecurity] [main] o.apache.catalina.core.StandardEngine    : Starting Servlet engine: [Apache Tomcat/10.1.48]
2025-12-29T20:40:17.907+05:30  INFO 9720 --- [WebSecurity] [main] o.a.c.c.C.[Tomcat].[localhost].[/]       : Initializing Spring embedded WebApplicationContext
2025-12-29T20:40:17.908+05:30  INFO 9720 --- [WebSecurity] [main] w.s.c.ServletWebServerApplicationContext : Root WebApplicationContext: initialization completed in 1992 ms
2025-12-29T20:40:18.628+05:30  INFO 9720 --- [WebSecurity] [main] eAuthenticationProviderManagerConfigurer : Global AuthenticationManager configured with AuthenticationProvider bean with name authenticationProvider
2025-12-29T20:40:18.629+05:30  WARN 9720 --- [WebSecurity] [main] r$InitializeUserDetailsManagerConfigurer : Global AuthenticationManager configured with an AuthenticationProvider bean. UserDetailsService beans will not be used by Spring Security for automatically configuring username/password login. Consider removing the AuthenticationProvider bean. Alternatively, consider using the UserDetailsService in a manually instantiated DaoAuthenticationProvider. If the current configuration is intentional, to turn off this warning, increase the logging level of 'org.springframework.security.config.annotation.authentication.configuration.InitializeUserDetailsBeanManagerConfigurer' to ERROR
2025-12-29T20:40:18.714+05:30  INFO 9720 --- [WebSecurity] [main] c.e.websecurity.config.SecurityConfig    : Entered security
2025-12-29T20:40:19.037+05:30  WARN 9720 --- [WebSecurity] [main] ion$DefaultTemplateResolverConfiguration : Cannot find template location: classpath:/templates/ (please add some templates, check your Thymeleaf configuration, or set spring.thymeleaf.check-template-location=false)
2025-12-29T20:40:19.257+05:30  INFO 9720 --- [WebSecurity] [main] o.s.b.w.embedded.tomcat.TomcatWebServer  : Tomcat started on port 8080 (http) with context path '/'
2025-12-29T20:40:19.276+05:30  INFO 9720 --- [WebSecurity] [main] c.e.websecurity.WebSecurityApplication   : Started WebSecurityApplication in 4.255 seconds (process running for 4.835)
2025-12-29T20:42:54.363+05:30  INFO 9720 --- [WebSecurity] [http-nio-8080-exec-2] o.a.c.c.C.[Tomcat].[localhost].[/]       : Initializing Spring DispatcherServlet 'dispatcherServlet'
2025-12-29T20:42:54.371+05:30  INFO 9720 --- [WebSecurity] [http-nio-8080-exec-2] o.s.web.servlet.DispatcherServlet        : Initializing Servlet 'dispatcherServlet'
2025-12-29T20:42:54.388+05:30  INFO 9720 --- [WebSecurity] [http-nio-8080-exec-2] o.s.web.servlet.DispatcherServlet        : Completed initialization in 17 ms
2025-12-29T20:42:54.671+05:30  INFO 9720 --- [WebSecurity] [http-nio-8080-exec-2] com.example.websecurity.repo.UserRepo    : method called.......
2025-12-29T20:42:54.727+05:30  INFO 9720 --- [WebSecurity] [http-nio-8080-exec-2] com.zaxxer.hikari.HikariDataSource       : HikariPool-1 - Starting...
2025-12-29T20:42:58.016+05:30  INFO 9720 --- [WebSecurity] [http-nio-8080-exec-2] com.zaxxer.hikari.pool.HikariPool        : HikariPool-1 - Added connection com.mysql.cj.jdbc.ConnectionImpl@2878470d
2025-12-29T20:42:58.033+05:30  INFO 9720 --- [WebSecurity] [http-nio-8080-exec-2] com.zaxxer.hikari.HikariDataSource       : HikariPool-1 - Start completed.
2025-12-29T20:44:39.615+05:30  INFO 9720 --- [WebSecurity] [http-nio-8080-exec-4] com.example.websecurity.repo.UserRepo    : method called.......
2025-12-29T20:46:03.755+05:30  INFO 9720 --- [WebSecurity] [http-nio-8080-exec-8] com.example.websecurity.repo.UserRepo    : method called.......
2025-12-29T20:46:03.835+05:30  WARN 9720 --- [WebSecurity] [http-nio-8080-exec-8] .w.s.m.s.DefaultHandlerExceptionResolver : Resolved [org.springframework.http.converter.HttpMessageNotReadableException: Required request body is missing: public com.example.websecurity.model.Student com.example.websecurity.controller.StudentController.addStudent(com.example.websecurity.model.Student)]
2025-12-29T20:47:00.430+05:30  INFO 9720 --- [WebSecurity] [http-nio-8080-exec-10] com.example.websecurity.repo.UserRepo    : method called.......
